2023-05-19 13:11:50,403 [17005:Integration_CRM:48:connect_email:INFO] Connect Email Inbox
2023-05-19 13:11:50,543 [17005:Integration_CRM:16:id_in_local_db:INFO] Connect DATABASE
2023-05-19 13:11:50,637 [17005:Integration_CRM:16:id_in_local_db:INFO] Connect DATABASE
2023-05-19 13:11:50,787 [17005:Integration_CRM:16:id_in_local_db:INFO] Connect DATABASE
2023-05-19 13:11:50,837 [17005:Integration_CRM:16:id_in_local_db:INFO] Connect DATABASE
2023-05-19 13:11:50,883 [17005:Integration_CRM:16:id_in_local_db:INFO] Connect DATABASE
2023-05-19 13:11:50,923 [17005:Integration_CRM:16:id_in_local_db:INFO] Connect DATABASE
2023-05-19 13:11:50,960 [17005:Integration_CRM:16:id_in_local_db:INFO] Connect DATABASE
2023-05-19 13:11:51,014 [17005:Integration_CRM:16:id_in_local_db:INFO] Connect DATABASE
2023-05-19 13:11:51,091 [17005:Integration_CRM:16:id_in_local_db:INFO] Connect DATABASE
2023-05-19 13:11:51,183 [17005:Integration_CRM:16:id_in_local_db:INFO] Connect DATABASE
2023-05-19 13:11:51,248 [17005:Integration_CRM:16:id_in_local_db:INFO] Connect DATABASE
2023-05-19 13:11:51,356 [17005:Integration_CRM:16:id_in_local_db:INFO] Connect DATABASE
2023-05-19 13:11:51,611 [17005:Integration_CRM:16:id_in_local_db:INFO] Connect DATABASE
2023-05-19 13:11:51,897 [17005:Integration_CRM:16:id_in_local_db:INFO] Connect DATABASE
2023-05-19 13:11:51,997 [17005:Integration_CRM:16:id_in_local_db:INFO] Connect DATABASE
2023-05-19 13:11:52,101 [17005:Integration_CRM:16:id_in_local_db:INFO] Connect DATABASE
2023-05-19 13:11:52,178 [17005:Integration_CRM:16:id_in_local_db:INFO] Connect DATABASE
2023-05-19 13:11:52,294 [17005:Integration_CRM:16:id_in_local_db:INFO] Connect DATABASE
2023-05-19 13:11:52,374 [17005:Integration_CRM:16:id_in_local_db:INFO] Connect DATABASE
2023-05-19 13:11:52,476 [17005:Integration_CRM:16:id_in_local_db:INFO] Connect DATABASE
2023-05-19 13:11:52,610 [17005:Integration_CRM:16:id_in_local_db:INFO] Connect DATABASE
2023-05-19 13:11:52,788 [17005:Integration_CRM:16:id_in_local_db:INFO] Connect DATABASE
2023-05-19 13:11:52,789 [17005:Integration_CRM:82:mail_read:INFO] Don`t new massages
2023-05-19 13:11:52,789 [17005:Integration_CRM:51:connect_email:INFO] Connect Email Send
2023-05-19 13:11:52,888 [17005:Integration_CRM:16:id_in_local_db:INFO] Connect DATABASE
2023-05-19 13:11:52,929 [17005:Integration_CRM:16:id_in_local_db:INFO] Connect DATABASE
2023-05-19 13:11:52,986 [17005:Integration_CRM:16:id_in_local_db:INFO] Connect DATABASE
2023-05-19 13:11:53,020 [17005:Integration_CRM:16:id_in_local_db:INFO] Connect DATABASE
2023-05-19 13:11:53,122 [17005:Integration_CRM:16:id_in_local_db:INFO] Connect DATABASE
2023-05-19 13:11:53,188 [17005:Integration_CRM:16:id_in_local_db:INFO] Connect DATABASE
2023-05-19 13:11:53,238 [17005:Integration_CRM:16:id_in_local_db:INFO] Connect DATABASE
2023-05-19 13:11:53,296 [17005:Integration_CRM:16:id_in_local_db:INFO] Connect DATABASE
2023-05-19 13:11:53,334 [17005:Integration_CRM:16:id_in_local_db:INFO] Connect DATABASE
2023-05-19 13:11:54,628 [17005:Integration_CRM:16:id_in_local_db:INFO] Connect DATABASE
2023-05-19 13:11:54,664 [17005:Integration_CRM:16:id_in_local_db:INFO] Connect DATABASE
2023-05-19 13:11:54,758 [17005:Integration_CRM:16:id_in_local_db:INFO] Connect DATABASE
2023-05-19 13:11:54,759 [17005:Integration_CRM:82:mail_read:INFO] Don`t new massages
2023-05-19 13:13:41,002 [17070:Integration_CRM:48:connect_email:INFO] Connect Email Inbox
2023-05-19 13:13:41,176 [17070:Integration_CRM:16:id_in_local_db:INFO] Connect DATABASE
2023-05-19 13:13:41,184 [17070:Integration_CRM:26:append_localdb:INFO] Write email id = calendar-ba1c9c3a-65a9-45f8-b434-57de784eb675@google.com in DATABASE
2023-05-19 13:13:41,406 [17070:Integration_CRM:16:id_in_local_db:INFO] Connect DATABASE
2023-05-19 13:13:41,415 [17070:Integration_CRM:26:append_localdb:INFO] Write email id = calendar-b95c3c26-6ecd-4955-900b-2675a810fa7f@google.com in DATABASE
2023-05-19 13:13:41,523 [17070:Integration_CRM:16:id_in_local_db:INFO] Connect DATABASE
2023-05-19 13:13:41,530 [17070:Integration_CRM:26:append_localdb:INFO] Write email id = calendar-95dd7c20-936f-490c-a61c-ee3073fdecac@google.com in DATABASE
2023-05-19 13:13:41,624 [17070:Integration_CRM:16:id_in_local_db:INFO] Connect DATABASE
2023-05-19 13:13:41,626 [17070:Integration_CRM:26:append_localdb:INFO] Write email id = 1683968911.798100939@f532.i.mail.ru in DATABASE
2023-05-19 13:13:41,626 [17070:Integration_CRM:100:mail_write:INFO] Не найден #номер_проекта и #номер_контрагента
2023-05-19 13:13:41,757 [17070:Integration_CRM:16:id_in_local_db:INFO] Connect DATABASE
2023-05-19 13:13:41,764 [17070:Integration_CRM:26:append_localdb:INFO] Write email id = 1683970662.883869739@f474.i.mail.ru in DATABASE
2023-05-19 13:13:41,765 [17070:Integration_CRM:100:mail_write:INFO] Не найден #номер_проекта и #номер_контрагента
2023-05-19 13:13:41,857 [17070:Integration_CRM:16:id_in_local_db:INFO] Connect DATABASE
2023-05-19 13:13:41,858 [17070:Integration_CRM:26:append_localdb:INFO] Write email id = 1683970689.858976507@f429.i.mail.ru in DATABASE
2023-05-19 13:13:41,858 [17070:Integration_CRM:100:mail_write:INFO] Не найден #номер_проекта и #номер_контрагента
2023-05-19 13:13:41,896 [17070:Integration_CRM:16:id_in_local_db:INFO] Connect DATABASE
2023-05-19 13:13:41,897 [17070:Integration_CRM:26:append_localdb:INFO] Write email id = 1683970717.737369344@f763.i.mail.ru in DATABASE
2023-05-19 13:13:41,897 [17070:Integration_CRM:100:mail_write:INFO] Не найден #номер_проекта и #номер_контрагента
2023-05-19 13:13:41,974 [17070:Integration_CRM:16:id_in_local_db:INFO] Connect DATABASE
2023-05-19 13:13:41,975 [17070:Integration_CRM:26:append_localdb:INFO] Write email id = 1683970757.830002605@f424.i.mail.ru in DATABASE
2023-05-19 13:13:41,975 [17070:Integration_CRM:100:mail_write:INFO] Не найден #номер_проекта и #номер_контрагента
2023-05-19 13:13:42,067 [17070:Integration_CRM:16:id_in_local_db:INFO] Connect DATABASE
2023-05-19 13:13:42,069 [17070:Integration_CRM:26:append_localdb:INFO] Write email id = 1684231183.96785882@f536.i.mail.ru in DATABASE
2023-05-19 13:13:42,069 [17070:Integration_CRM:56:update_contact_post_account:INFO] update_contact_put_account
2023-05-19 13:13:42,069 [17070:Integration_CRM:39:get_contact_account:INFO] get_contact_account
2023-05-19 13:13:42,603 [17070:Integration_CRM:42:get_contact_account:INFO] Connect to CRM get_contact_account <Response [200]>
2023-05-19 13:13:43,027 [17070:Integration_CRM:68:update_contact_post_account:INFO] Update to CRM update_contact_put_id <Response [204]>
2023-05-19 13:13:43,028 [17070:Integration_CRM:93:mail_write:INFO] Write email_account
2023-05-19 13:13:43,147 [17070:Integration_CRM:16:id_in_local_db:INFO] Connect DATABASE
2023-05-19 13:13:43,154 [17070:Integration_CRM:26:append_localdb:INFO] Write email id = 1684231217.144315802@f536.i.mail.ru in DATABASE
2023-05-19 13:13:43,155 [17070:Integration_CRM:72:update_contact_post_opportunity:INFO] update_contact_put_opportunity
2023-05-19 13:13:43,155 [17070:Integration_CRM:47:get_contact_opportunity:INFO] get_contact_opportunity
2023-05-19 13:13:43,539 [17070:Integration_CRM:51:get_contact_opportunity:INFO] Connect to CRM get_contact_opportunity <Response [200]>
2023-05-19 13:13:44,051 [17070:Integration_CRM:83:update_contact_post_opportunity:INFO] Update to CRM update_contact_put_name <Response [204]>
2023-05-19 13:13:44,051 [17070:Integration_CRM:97:mail_write:INFO] Write email_account
2023-05-19 13:13:44,199 [17070:Integration_CRM:16:id_in_local_db:INFO] Connect DATABASE
2023-05-19 13:13:44,206 [17070:Integration_CRM:26:append_localdb:INFO] Write email id = 1684231288.59064110@f536.i.mail.ru in DATABASE
2023-05-19 13:13:44,207 [17070:Integration_CRM:56:update_contact_post_account:INFO] update_contact_put_account
2023-05-19 13:13:44,207 [17070:Integration_CRM:39:get_contact_account:INFO] get_contact_account
2023-05-19 13:13:44,602 [17070:Integration_CRM:42:get_contact_account:INFO] Connect to CRM get_contact_account <Response [200]>
2023-05-19 13:13:45,224 [17070:Integration_CRM:68:update_contact_post_account:INFO] Update to CRM update_contact_put_id <Response [204]>
2023-05-19 13:13:45,224 [17070:Integration_CRM:93:mail_write:INFO] Write email_account
2023-05-19 13:13:45,346 [17070:Integration_CRM:16:id_in_local_db:INFO] Connect DATABASE
2023-05-19 13:13:45,353 [17070:Integration_CRM:26:append_localdb:INFO] Write email id = 1684231319.728769627@f536.i.mail.ru in DATABASE
2023-05-19 13:13:45,354 [17070:Integration_CRM:72:update_contact_post_opportunity:INFO] update_contact_put_opportunity
2023-05-19 13:13:45,354 [17070:Integration_CRM:47:get_contact_opportunity:INFO] get_contact_opportunity
2023-05-19 13:13:45,841 [17070:Integration_CRM:51:get_contact_opportunity:INFO] Connect to CRM get_contact_opportunity <Response [200]>
2023-05-19 13:13:46,393 [17070:Integration_CRM:83:update_contact_post_opportunity:INFO] Update to CRM update_contact_put_name <Response [204]>
2023-05-19 13:13:46,393 [17070:Integration_CRM:97:mail_write:INFO] Write email_account
2023-05-19 13:13:46,458 [17070:Integration_CRM:16:id_in_local_db:INFO] Connect DATABASE
2023-05-19 13:13:46,465 [17070:Integration_CRM:26:append_localdb:INFO] Write email id = calendar-c436c551-bed4-4b39-b947-bc8a7d71cc86@google.com in DATABASE
2023-05-19 13:13:46,576 [17070:Integration_CRM:16:id_in_local_db:INFO] Connect DATABASE
2023-05-19 13:13:46,583 [17070:Integration_CRM:26:append_localdb:INFO] Write email id = calendar-a02414ec-dff7-48ed-ba9a-b7c0e92a5ff1@google.com in DATABASE
2023-05-19 13:13:46,670 [17070:Integration_CRM:16:id_in_local_db:INFO] Connect DATABASE
2023-05-19 13:13:46,672 [17070:Integration_CRM:26:append_localdb:INFO] Write email id = 1684308231.74025586@f728.i.mail.ru in DATABASE
2023-05-19 13:13:46,672 [17070:Integration_CRM:56:update_contact_post_account:INFO] update_contact_put_account
2023-05-19 13:13:46,672 [17070:Integration_CRM:39:get_contact_account:INFO] get_contact_account
2023-05-19 13:13:47,061 [17070:Integration_CRM:42:get_contact_account:INFO] Connect to CRM get_contact_account <Response [200]>
2023-05-19 13:13:47,516 [17070:Integration_CRM:68:update_contact_post_account:INFO] Update to CRM update_contact_put_id <Response [204]>
2023-05-19 13:13:47,516 [17070:Integration_CRM:93:mail_write:INFO] Write email_account
2023-05-19 13:13:47,766 [17070:Integration_CRM:16:id_in_local_db:INFO] Connect DATABASE
2023-05-19 13:13:47,774 [17070:Integration_CRM:26:append_localdb:INFO] Write email id = 1684309186.430933718@f728.i.mail.ru in DATABASE
2023-05-19 13:13:47,775 [17070:Integration_CRM:72:update_contact_post_opportunity:INFO] update_contact_put_opportunity
2023-05-19 13:13:47,775 [17070:Integration_CRM:47:get_contact_opportunity:INFO] get_contact_opportunity
2023-05-19 13:13:48,210 [17070:Integration_CRM:51:get_contact_opportunity:INFO] Connect to CRM get_contact_opportunity <Response [200]>
2023-05-19 13:13:48,751 [17070:Integration_CRM:83:update_contact_post_opportunity:INFO] Update to CRM update_contact_put_name <Response [204]>
2023-05-19 13:13:48,752 [17070:Integration_CRM:97:mail_write:INFO] Write email_account
2023-05-19 13:13:48,846 [17070:Integration_CRM:16:id_in_local_db:INFO] Connect DATABASE
2023-05-19 13:13:48,853 [17070:Integration_CRM:26:append_localdb:INFO] Write email id = 1684309298.804411003@f728.i.mail.ru in DATABASE
2023-05-19 13:13:48,853 [17070:Integration_CRM:72:update_contact_post_opportunity:INFO] update_contact_put_opportunity
2023-05-19 13:13:48,854 [17070:Integration_CRM:47:get_contact_opportunity:INFO] get_contact_opportunity
2023-05-19 13:13:49,222 [17070:Integration_CRM:51:get_contact_opportunity:INFO] Connect to CRM get_contact_opportunity <Response [200]>
2023-05-19 13:13:49,767 [17070:Integration_CRM:83:update_contact_post_opportunity:INFO] Update to CRM update_contact_put_name <Response [204]>
2023-05-19 13:13:49,767 [17070:Integration_CRM:97:mail_write:INFO] Write email_account
2023-05-19 13:13:49,831 [17070:Integration_CRM:16:id_in_local_db:INFO] Connect DATABASE
2023-05-19 13:13:49,839 [17070:Integration_CRM:26:append_localdb:INFO] Write email id = 1684309321.527494411@f728.i.mail.ru in DATABASE
2023-05-19 13:13:49,839 [17070:Integration_CRM:72:update_contact_post_opportunity:INFO] update_contact_put_opportunity
2023-05-19 13:13:49,839 [17070:Integration_CRM:47:get_contact_opportunity:INFO] get_contact_opportunity
2023-05-19 13:13:50,330 [17070:Integration_CRM:51:get_contact_opportunity:INFO] Connect to CRM get_contact_opportunity <Response [200]>
2023-05-19 13:13:50,788 [17070:Integration_CRM:83:update_contact_post_opportunity:INFO] Update to CRM update_contact_put_name <Response [204]>
2023-05-19 13:13:50,788 [17070:Integration_CRM:97:mail_write:INFO] Write email_account
2023-05-19 13:13:50,879 [17070:Integration_CRM:16:id_in_local_db:INFO] Connect DATABASE
2023-05-19 13:13:50,886 [17070:Integration_CRM:26:append_localdb:INFO] Write email id = 1684310168.785779166@f172.i.mail.ru in DATABASE
2023-05-19 13:13:50,887 [17070:Integration_CRM:56:update_contact_post_account:INFO] update_contact_put_account
2023-05-19 13:13:50,887 [17070:Integration_CRM:39:get_contact_account:INFO] get_contact_account
2023-05-19 13:13:51,361 [17070:Integration_CRM:42:get_contact_account:INFO] Connect to CRM get_contact_account <Response [200]>
2023-05-19 13:13:51,822 [17070:Integration_CRM:68:update_contact_post_account:INFO] Update to CRM update_contact_put_id <Response [204]>
2023-05-19 13:13:51,822 [17070:Integration_CRM:93:mail_write:INFO] Write email_account
2023-05-19 13:13:51,903 [17070:Integration_CRM:16:id_in_local_db:INFO] Connect DATABASE
2023-05-19 13:13:51,911 [17070:Integration_CRM:26:append_localdb:INFO] Write email id = 1684310203.187992456@f172.i.mail.ru in DATABASE
2023-05-19 13:13:51,911 [17070:Integration_CRM:72:update_contact_post_opportunity:INFO] update_contact_put_opportunity
2023-05-19 13:13:51,911 [17070:Integration_CRM:47:get_contact_opportunity:INFO] get_contact_opportunity
2023-05-19 13:13:52,394 [17070:Integration_CRM:51:get_contact_opportunity:INFO] Connect to CRM get_contact_opportunity <Response [200]>
2023-05-19 13:13:52,843 [17070:Integration_CRM:83:update_contact_post_opportunity:INFO] Update to CRM update_contact_put_name <Response [204]>
2023-05-19 13:13:52,844 [17070:Integration_CRM:97:mail_write:INFO] Write email_account
2023-05-19 13:13:53,186 [17070:Integration_CRM:16:id_in_local_db:INFO] Connect DATABASE
2023-05-19 13:13:53,194 [17070:Integration_CRM:26:append_localdb:INFO] Write email id = calendar-d2a211bc-5588-44fa-ba8e-b60f1e66e1fe@google.com in DATABASE
2023-05-19 13:13:53,538 [17070:Integration_CRM:16:id_in_local_db:INFO] Connect DATABASE
2023-05-19 13:13:53,540 [17070:Integration_CRM:26:append_localdb:INFO] Write email id = 010001882e208a67-f34d32fe-7528-4a34-ac07-05893aa8f300-000000@email.amazonses.com in DATABASE
2023-05-19 13:13:53,540 [17070:Integration_CRM:84:mail_read:INFO] Write 10 massages successful
2023-05-19 13:13:53,540 [17070:Integration_CRM:51:connect_email:INFO] Connect Email Send
2023-05-19 13:13:53,647 [17070:Integration_CRM:16:id_in_local_db:INFO] Connect DATABASE
2023-05-19 13:13:53,655 [17070:Integration_CRM:26:append_localdb:INFO] Write email id = 1683038370.2872257@f728.i.mail.ru in DATABASE
2023-05-19 13:13:53,742 [17070:Integration_CRM:16:id_in_local_db:INFO] Connect DATABASE
2023-05-19 13:13:53,744 [17070:Integration_CRM:26:append_localdb:INFO] Write email id = 1683985916.664950642@f518.i.mail.ru in DATABASE
2023-05-19 13:13:53,745 [17070:Integration_CRM:100:mail_write:INFO] Не найден #номер_проекта и #номер_контрагента
2023-05-19 13:13:53,904 [17070:Integration_CRM:16:id_in_local_db:INFO] Connect DATABASE
2023-05-19 13:13:53,912 [17070:Integration_CRM:26:append_localdb:INFO] Write email id = 1684230891.465307435@f536.i.mail.ru in DATABASE
2023-05-19 13:13:53,912 [17070:Integration_CRM:56:update_contact_post_account:INFO] update_contact_put_account
2023-05-19 13:13:53,912 [17070:Integration_CRM:39:get_contact_account:INFO] get_contact_account
2023-05-19 13:13:54,324 [17070:Integration_CRM:42:get_contact_account:INFO] Connect to CRM get_contact_account <Response [200]>
2023-05-19 13:13:54,743 [17070:Integration_CRM:68:update_contact_post_account:INFO] Update to CRM update_contact_put_id <Response [204]>
2023-05-19 13:13:54,743 [17070:Integration_CRM:93:mail_write:INFO] Write email_account
2023-05-19 13:13:54,796 [17070:Integration_CRM:16:id_in_local_db:INFO] Connect DATABASE
2023-05-19 13:13:54,804 [17070:Integration_CRM:26:append_localdb:INFO] Write email id = 1684230933.579340123@f536.i.mail.ru in DATABASE
2023-05-19 13:13:54,804 [17070:Integration_CRM:56:update_contact_post_account:INFO] update_contact_put_account
2023-05-19 13:13:54,804 [17070:Integration_CRM:39:get_contact_account:INFO] get_contact_account
2023-05-19 13:13:55,257 [17070:Integration_CRM:42:get_contact_account:INFO] Connect to CRM get_contact_account <Response [200]>
2023-05-19 13:13:55,774 [17070:Integration_CRM:68:update_contact_post_account:INFO] Update to CRM update_contact_put_id <Response [204]>
2023-05-19 13:13:55,774 [17070:Integration_CRM:93:mail_write:INFO] Write email_account
2023-05-19 13:13:55,877 [17070:Integration_CRM:16:id_in_local_db:INFO] Connect DATABASE
2023-05-19 13:13:55,884 [17070:Integration_CRM:26:append_localdb:INFO] Write email id = 1684230988.760503143@f536.i.mail.ru in DATABASE
2023-05-19 13:13:55,885 [17070:Integration_CRM:72:update_contact_post_opportunity:INFO] update_contact_put_opportunity
2023-05-19 13:13:55,885 [17070:Integration_CRM:47:get_contact_opportunity:INFO] get_contact_opportunity
2023-05-19 13:13:56,265 [17070:Integration_CRM:51:get_contact_opportunity:INFO] Connect to CRM get_contact_opportunity <Response [200]>
2023-05-19 13:13:56,688 [17070:Integration_CRM:83:update_contact_post_opportunity:INFO] Update to CRM update_contact_put_name <Response [204]>
2023-05-19 13:13:56,688 [17070:Integration_CRM:97:mail_write:INFO] Write email_account
2023-05-19 13:13:56,749 [17070:Integration_CRM:16:id_in_local_db:INFO] Connect DATABASE
2023-05-19 13:13:56,757 [17070:Integration_CRM:26:append_localdb:INFO] Write email id = 1684231033.824976923@f536.i.mail.ru in DATABASE
2023-05-19 13:13:56,757 [17070:Integration_CRM:72:update_contact_post_opportunity:INFO] update_contact_put_opportunity
2023-05-19 13:13:56,757 [17070:Integration_CRM:47:get_contact_opportunity:INFO] get_contact_opportunity
2023-05-19 13:13:57,081 [17070:Integration_CRM:51:get_contact_opportunity:INFO] Connect to CRM get_contact_opportunity <Response [200]>
2023-05-19 13:13:57,556 [17070:Integration_CRM:83:update_contact_post_opportunity:INFO] Update to CRM update_contact_put_name <Response [204]>
2023-05-19 13:13:57,556 [17070:Integration_CRM:97:mail_write:INFO] Write email_account
2023-05-19 13:13:57,605 [17070:Integration_CRM:16:id_in_local_db:INFO] Connect DATABASE
2023-05-19 13:13:57,613 [17070:Integration_CRM:26:append_localdb:INFO] Write email id = 1684231073.305011866@f536.i.mail.ru in DATABASE
2023-05-19 13:13:57,613 [17070:Integration_CRM:56:update_contact_post_account:INFO] update_contact_put_account
2023-05-19 13:13:57,613 [17070:Integration_CRM:39:get_contact_account:INFO] get_contact_account
2023-05-19 13:13:57,967 [17070:Integration_CRM:42:get_contact_account:INFO] Connect to CRM get_contact_account <Response [200]>
2023-05-19 13:13:58,356 [17070:Integration_CRM:68:update_contact_post_account:INFO] Update to CRM update_contact_put_id <Response [204]>
2023-05-19 13:13:58,356 [17070:Integration_CRM:93:mail_write:INFO] Write email_account
2023-05-19 13:13:58,408 [17070:Integration_CRM:16:id_in_local_db:INFO] Connect DATABASE
2023-05-19 13:13:58,416 [17070:Integration_CRM:26:append_localdb:INFO] Write email id = 1684231118.28796619@f536.i.mail.ru in DATABASE
2023-05-19 13:13:58,416 [17070:Integration_CRM:72:update_contact_post_opportunity:INFO] update_contact_put_opportunity
2023-05-19 13:13:58,416 [17070:Integration_CRM:47:get_contact_opportunity:INFO] get_contact_opportunity
2023-05-19 13:13:58,798 [17070:Integration_CRM:51:get_contact_opportunity:INFO] Connect to CRM get_contact_opportunity <Response [200]>
2023-05-19 13:13:59,230 [17070:Integration_CRM:83:update_contact_post_opportunity:INFO] Update to CRM update_contact_put_name <Response [204]>
2023-05-19 13:13:59,230 [17070:Integration_CRM:97:mail_write:INFO] Write email_account
2023-05-19 13:13:59,309 [17070:Integration_CRM:16:id_in_local_db:INFO] Connect DATABASE
2023-05-19 13:13:59,317 [17070:Integration_CRM:26:append_localdb:INFO] Write email id = 1684308104.347898404@f728.i.mail.ru in DATABASE
2023-05-19 13:13:59,317 [17070:Integration_CRM:56:update_contact_post_account:INFO] update_contact_put_account
2023-05-19 13:13:59,317 [17070:Integration_CRM:39:get_contact_account:INFO] get_contact_account
2023-05-19 13:13:59,703 [17070:Integration_CRM:42:get_contact_account:INFO] Connect to CRM get_contact_account <Response [200]>
2023-05-19 13:14:00,102 [17070:Integration_CRM:68:update_contact_post_account:INFO] Update to CRM update_contact_put_id <Response [204]>
2023-05-19 13:14:00,103 [17070:Integration_CRM:93:mail_write:INFO] Write email_account
2023-05-19 13:14:00,185 [17070:Integration_CRM:16:id_in_local_db:INFO] Connect DATABASE
2023-05-19 13:14:00,193 [17070:Integration_CRM:26:append_localdb:INFO] Write email id = 1684308136.435518759@f728.i.mail.ru in DATABASE
2023-05-19 13:14:00,193 [17070:Integration_CRM:72:update_contact_post_opportunity:INFO] update_contact_put_opportunity
2023-05-19 13:14:00,193 [17070:Integration_CRM:47:get_contact_opportunity:INFO] get_contact_opportunity
2023-05-19 13:14:00,584 [17070:Integration_CRM:51:get_contact_opportunity:INFO] Connect to CRM get_contact_opportunity <Response [200]>
2023-05-19 13:14:01,020 [17070:Integration_CRM:83:update_contact_post_opportunity:INFO] Update to CRM update_contact_put_name <Response [204]>
2023-05-19 13:14:01,020 [17070:Integration_CRM:97:mail_write:INFO] Write email_account
2023-05-19 13:14:01,114 [17070:Integration_CRM:16:id_in_local_db:INFO] Connect DATABASE
2023-05-19 13:14:01,122 [17070:Integration_CRM:26:append_localdb:INFO] Write email id = 1684310043.353280189@f728.i.mail.ru in DATABASE
2023-05-19 13:14:01,122 [17070:Integration_CRM:72:update_contact_post_opportunity:INFO] update_contact_put_opportunity
2023-05-19 13:14:01,122 [17070:Integration_CRM:47:get_contact_opportunity:INFO] get_contact_opportunity
2023-05-19 13:14:01,491 [17070:Integration_CRM:51:get_contact_opportunity:INFO] Connect to CRM get_contact_opportunity <Response [200]>
2023-05-19 13:14:01,908 [17070:Integration_CRM:83:update_contact_post_opportunity:INFO] Update to CRM update_contact_put_name <Response [204]>
2023-05-19 13:14:01,909 [17070:Integration_CRM:97:mail_write:INFO] Write email_account
2023-05-19 13:14:01,960 [17070:Integration_CRM:16:id_in_local_db:INFO] Connect DATABASE
2023-05-19 13:14:01,968 [17070:Integration_CRM:26:append_localdb:INFO] Write email id = 1684310095.152390160@f172.i.mail.ru in DATABASE
2023-05-19 13:14:01,968 [17070:Integration_CRM:56:update_contact_post_account:INFO] update_contact_put_account
2023-05-19 13:14:01,968 [17070:Integration_CRM:39:get_contact_account:INFO] get_contact_account
2023-05-19 13:14:02,395 [17070:Integration_CRM:42:get_contact_account:INFO] Connect to CRM get_contact_account <Response [200]>
2023-05-19 13:14:02,840 [17070:Integration_CRM:68:update_contact_post_account:INFO] Update to CRM update_contact_put_id <Response [204]>
2023-05-19 13:14:02,840 [17070:Integration_CRM:93:mail_write:INFO] Write email_account
2023-05-19 13:14:02,840 [17070:Integration_CRM:84:mail_read:INFO] Write 10 massages successful
